Using pre-set license
Built from '2020.3/staging' branch; Version is '2020.3.17f1 (a4537701e4ab) revision 10769271'; Using compiler version '192528614'; Build Type 'Release'
OS: 'Windows 10 Home; OS build 22000.1219; Version 2009; 64bit' Language: 'es' Physical Memory: 16204 MB
BatchMode: 1, IsHumanControllingUs: 0, StartBugReporterOnCrash: 0, Is64bit: 1, IsPro: 0

COMMAND LINE ARGUMENTS:
C:\Users\gonza\OneDrive\Documentos\unity\2020.3.17f1\Editor\Unity.exe
-adb2
-batchMode
-noUpm
-name
AssetImportWorker0
-projectPath
C:/Users/gonza/Documents/GitHub/DanDanDishCosa/DanDanDish/DanDanDishProject
-logFile
Logs/AssetImportWorker0.log
-srvPort
55596
Successfully changed project path to: C:/Users/gonza/Documents/GitHub/DanDanDishCosa/DanDanDish/DanDanDishProject
C:/Users/gonza/Documents/GitHub/DanDanDishCosa/DanDanDish/DanDanDishProject
Using Asset Import Pipeline V2.
Refreshing native plugins compatible for Editor in 178.60 ms, found 3 plugins.
Preloading 0 native plugins for Editor in 0.00 ms.
Initialize engine version: 2020.3.17f1 (a4537701e4ab)
[Subsystems] Discovering subsystems at path C:/Users/gonza/OneDrive/Documentos/unity/2020.3.17f1/Editor/Data/Resources/UnitySubsystems
[Subsystems] Discovering subsystems at path C:/Users/gonza/Documents/GitHub/DanDanDishCosa/DanDanDish/DanDanDishProject/Assets
GfxDevice: creating device client; threaded=0
Direct3D:
    Version:  Direct3D 11.0 [level 11.1]
    Renderer: NVIDIA GeForce GTX 1660 Ti (ID=0x2191)
    Vendor:   
    VRAM:     5991 MB
    Driver:   30.0.15.1295
Initialize mono
Mono path[0] = 'C:/Users/gonza/OneDrive/Documentos/unity/2020.3.17f1/Editor/Data/Managed'
Mono path[1] = 'C:/Users/gonza/OneDrive/Documentos/unity/2020.3.17f1/Editor/Data/MonoBleedingEdge/lib/mono/unityjit'
Mono config path = 'C:/Users/gonza/OneDrive/Documentos/unity/2020.3.17f1/Editor/Data/MonoBleedingEdge/etc'
Using monoOptions --debugger-agent=transport=dt_socket,embedding=1,server=y,suspend=n,address=127.0.0.1:56960
Begin MonoManager ReloadAssembly
Registering precompiled unity dll's ...
Register platform support module: C:/Users/gonza/OneDrive/Documentos/unity/2020.3.17f1/Editor/Data/PlaybackEngines/WebGLSupport/UnityEditor.WebGL.Extensions.dll
Register platform support module: C:/Users/gonza/OneDrive/Documentos/unity/2020.3.17f1/Editor/Data/PlaybackEngines/WindowsStandaloneSupport/UnityEditor.WindowsStandalone.Extensions.dll
Registered in 0.332057 seconds.
Native extension for WindowsStandalone target not found
Native extension for WebGL target not found
Refreshing native plugins compatible for Editor in 54.19 ms, found 3 plugins.
Preloading 0 native plugins for Editor in 0.00 ms.
Mono: successfully reloaded assembly
- Completed reload, in  6.470 seconds
Domain Reload Profiling:
	ReloadAssembly (6470ms)
		BeginReloadAssembly (2948ms)
			ExecutionOrderSort (0ms)
			DisableScriptedObjects (0ms)
			BackupInstance (0ms)
			ReleaseScriptingObjects (0ms)
			CreateAndSetChildDomain (1ms)
		EndReloadAssembly (787ms)
			LoadAssemblies (2950ms)
			RebuildTransferFunctionScriptingTraits (0ms)
			SetupTypeCache (487ms)
			ReleaseScriptCaches (0ms)
			RebuildScriptCaches (35ms)
			SetupLoadedEditorAssemblies (186ms)
				LogAssemblyErrors (0ms)
				InitializePlatformSupportModulesInManaged (4ms)
				SetLoadedEditorAssemblies (0ms)
				RefreshPlugins (54ms)
				BeforeProcessingInitializeOnLoad (18ms)
				ProcessInitializeOnLoadAttributes (77ms)
				ProcessInitializeOnLoadMethodAttributes (31ms)
				AfterProcessingInitializeOnLoad (0ms)
				EditorAssembliesLoaded (0ms)
			ExecutionOrderSort2 (0ms)
			AwakeInstancesAfterBackupRestoration (0ms)
Platform modules already initialized, skipping
Registering precompiled user dll's ...
Registered in 1.026195 seconds.
Begin MonoManager ReloadAssembly
Native extension for WindowsStandalone target not found
Native extension for WebGL target not found
Refreshing native plugins compatible for Editor in 57.63 ms, found 3 plugins.
Preloading 0 native plugins for Editor in 0.00 ms.
Mono: successfully reloaded assembly
- Completed reload, in  5.880 seconds
Domain Reload Profiling:
	ReloadAssembly (5884ms)
		BeginReloadAssembly (133ms)
			ExecutionOrderSort (0ms)
			DisableScriptedObjects (4ms)
			BackupInstance (0ms)
			ReleaseScriptingObjects (0ms)
			CreateAndSetChildDomain (20ms)
		EndReloadAssembly (5691ms)
			LoadAssemblies (3579ms)
			RebuildTransferFunctionScriptingTraits (0ms)
			SetupTypeCache (1187ms)
			ReleaseScriptCaches (1ms)
			RebuildScriptCaches (71ms)
			SetupLoadedEditorAssemblies (700ms)
				LogAssemblyErrors (0ms)
				InitializePlatformSupportModulesInManaged (5ms)
				SetLoadedEditorAssemblies (0ms)
				RefreshPlugins (58ms)
				BeforeProcessingInitializeOnLoad (104ms)
				ProcessInitializeOnLoadAttributes (511ms)
				ProcessInitializeOnLoadMethodAttributes (15ms)
				AfterProcessingInitializeOnLoad (7ms)
				EditorAssembliesLoaded (0ms)
			ExecutionOrderSort2 (0ms)
			AwakeInstancesAfterBackupRestoration (7ms)
Platform modules already initialized, skipping
========================================================================
Worker process is ready to serve import requests
Launched and connected shader compiler UnityShaderCompiler.exe after 0.06 seconds
Refreshing native plugins compatible for Editor in 0.58 ms, found 3 plugins.
Preloading 0 native plugins for Editor in 0.00 ms.
Unloading 2472 Unused Serialized files (Serialized files now loaded: 0)
System memory in use before: 185.6 MB.
System memory in use after: 185.9 MB.

Unloading 33 unused Assets to reduce memory usage. Loaded Objects now: 2913.
Total: 2.870300 ms (FindLiveObjects: 0.236300 ms CreateObjectMapping: 0.105600 ms MarkObjects: 2.481300 ms  DeleteObjects: 0.046300 ms)

AssetImportParameters requested are different than current active one (requested -> active):
  custom:framework-win-MediaFoundation: 216162199b28c13a410421893ffa2e32 -> 
  custom:video-decoder-ogg-theora: a1e56fd34408186e4bbccfd4996cb3dc -> 
  custom:container-muxer-webm: aa71ff27fc2769a1b78a27578f13a17b -> 
  custom:container-demuxer-webm: 4f35f7cbe854078d1ac9338744f61a02 -> 
  custom:container-demuxer-ogg: 62fdf1f143b41e24485cea50d1cbac27 -> 
  custom:video-encoder-webm-vp8: eb34c28f22e8b96e1ab97ce403110664 -> 
  custom:video-decoder-webm-vp8: 9c59270c3fd7afecdb556c50c9e8de78 -> 
  custom:audio-decoder-ogg-vorbis: bf7c407c2cedff20999df2af8eb42d56 -> 
  custom:audio-encoder-webm-vorbis: bf7c407c2cedff20999df2af8eb42d56 -> 
========================================================================
Received Import Request.
  path: Assets/Scenes/CharacterSelection.unity
  artifactKey: Guid(85e0c67b53e41694ab0136a9f0e54b22) Importer(815301076,1909f56bfc062723c751e8b465ee728b)
Start importing Assets/Scenes/CharacterSelection.unity using Guid(85e0c67b53e41694ab0136a9f0e54b22) Importer(815301076,1909f56bfc062723c751e8b465ee728b)  -> (artifact id: '9fac3bae7b19012ba4d953a8ed305688') in 0.016412 seconds 
  Import took 0.019869 seconds .

========================================================================
Received Import Request.
  Time since last request: 21.456887 seconds.
  path: Assets/UI/BordeNuevo.png
  artifactKey: Guid(ac42ef3b0ef33eb49993e5f1685f9a73) Importer(815301076,1909f56bfc062723c751e8b465ee728b)
Start importing Assets/UI/BordeNuevo.png using Guid(ac42ef3b0ef33eb49993e5f1685f9a73) Importer(815301076,1909f56bfc062723c751e8b465ee728b)  -> (artifact id: '3092f95f6e11d2cc68505c45fefcd40c') in 0.117947 seconds 
  Import took 0.121928 seconds .

========================================================================
Received Import Request.
  Time since last request: 10.107482 seconds.
  path: Assets/UI/BordeNuevo.png
  artifactKey: Guid(ac42ef3b0ef33eb49993e5f1685f9a73) Importer(815301076,1909f56bfc062723c751e8b465ee728b)
Start importing Assets/UI/BordeNuevo.png using Guid(ac42ef3b0ef33eb49993e5f1685f9a73) Importer(815301076,1909f56bfc062723c751e8b465ee728b)  -> (artifact id: 'bdd6d54716fed92786b820bc9132fe4f') in 0.020152 seconds 
  Import took 0.025195 seconds .

========================================================================
Received Import Request.
  Time since last request: 136.193391 seconds.
  path: Assets/UI/BordeNuevo.png
  artifactKey: Guid(ac42ef3b0ef33eb49993e5f1685f9a73) Importer(815301076,1909f56bfc062723c751e8b465ee728b)
Start importing Assets/UI/BordeNuevo.png using Guid(ac42ef3b0ef33eb49993e5f1685f9a73) Importer(815301076,1909f56bfc062723c751e8b465ee728b)  -> (artifact id: '1bc77f207babc129a6a515e84c991679') in 0.024762 seconds 
  Import took 0.030580 seconds .

========================================================================
Received Prepare
Registering precompiled user dll's ...
Registered in 0.004639 seconds.
Begin MonoManager ReloadAssembly
Native extension for WindowsStandalone target not found
Native extension for WebGL target not found
Refreshing native plugins compatible for Editor in 0.61 ms, found 3 plugins.
Preloading 0 native plugins for Editor in 0.00 ms.
Mono: successfully reloaded assembly
- Completed reload, in  1.105 seconds
Domain Reload Profiling:
	ReloadAssembly (1105ms)
		BeginReloadAssembly (133ms)
			ExecutionOrderSort (0ms)
			DisableScriptedObjects (6ms)
			BackupInstance (0ms)
			ReleaseScriptingObjects (0ms)
			CreateAndSetChildDomain (35ms)
		EndReloadAssembly (918ms)
			LoadAssemblies (86ms)
			RebuildTransferFunctionScriptingTraits (0ms)
			SetupTypeCache (287ms)
			ReleaseScriptCaches (2ms)
			RebuildScriptCaches (50ms)
			SetupLoadedEditorAssemblies (392ms)
				LogAssemblyErrors (0ms)
				InitializePlatformSupportModulesInManaged (5ms)
				SetLoadedEditorAssemblies (0ms)
				RefreshPlugins (1ms)
				BeforeProcessingInitializeOnLoad (88ms)
				ProcessInitializeOnLoadAttributes (285ms)
				ProcessInitializeOnLoadMethodAttributes (7ms)
				AfterProcessingInitializeOnLoad (5ms)
				EditorAssembliesLoaded (0ms)
			ExecutionOrderSort2 (0ms)
			AwakeInstancesAfterBackupRestoration (9ms)
Platform modules already initialized, skipping
Refreshing native plugins compatible for Editor in 0.57 ms, found 3 plugins.
Preloading 0 native plugins for Editor in 0.00 ms.
Unloading 2421 Unused Serialized files (Serialized files now loaded: 0)
System memory in use before: 184.0 MB.
System memory in use after: 184.3 MB.

Unloading 21 unused Assets to reduce memory usage. Loaded Objects now: 2923.
Total: 2.911900 ms (FindLiveObjects: 0.237200 ms CreateObjectMapping: 0.090700 ms MarkObjects: 2.567400 ms  DeleteObjects: 0.015700 ms)

AssetImportParameters requested are different than current active one (requested -> active):
  custom:framework-win-MediaFoundation: 216162199b28c13a410421893ffa2e32 -> 
  custom:video-decoder-ogg-theora: a1e56fd34408186e4bbccfd4996cb3dc -> 
  custom:container-muxer-webm: aa71ff27fc2769a1b78a27578f13a17b -> 
  custom:container-demuxer-webm: 4f35f7cbe854078d1ac9338744f61a02 -> 
  custom:container-demuxer-ogg: 62fdf1f143b41e24485cea50d1cbac27 -> 
  custom:video-encoder-webm-vp8: eb34c28f22e8b96e1ab97ce403110664 -> 
  custom:video-decoder-webm-vp8: 9c59270c3fd7afecdb556c50c9e8de78 -> 
  custom:audio-decoder-ogg-vorbis: bf7c407c2cedff20999df2af8eb42d56 -> 
  custom:audio-encoder-webm-vorbis: bf7c407c2cedff20999df2af8eb42d56 -> 
========================================================================
Received Prepare
Registering precompiled user dll's ...
Registered in 0.006080 seconds.
Begin MonoManager ReloadAssembly
Native extension for WindowsStandalone target not found
Native extension for WebGL target not found
Refreshing native plugins compatible for Editor in 0.64 ms, found 3 plugins.
Preloading 0 native plugins for Editor in 0.00 ms.
Mono: successfully reloaded assembly
- Completed reload, in  1.186 seconds
Domain Reload Profiling:
	ReloadAssembly (1187ms)
		BeginReloadAssembly (119ms)
			ExecutionOrderSort (0ms)
			DisableScriptedObjects (7ms)
			BackupInstance (0ms)
			ReleaseScriptingObjects (0ms)
			CreateAndSetChildDomain (37ms)
		EndReloadAssembly (1001ms)
			LoadAssemblies (103ms)
			RebuildTransferFunctionScriptingTraits (0ms)
			SetupTypeCache (329ms)
			ReleaseScriptCaches (1ms)
			RebuildScriptCaches (51ms)
			SetupLoadedEditorAssemblies (408ms)
				LogAssemblyErrors (0ms)
				InitializePlatformSupportModulesInManaged (6ms)
				SetLoadedEditorAssemblies (0ms)
				RefreshPlugins (1ms)
				BeforeProcessingInitializeOnLoad (96ms)
				ProcessInitializeOnLoadAttributes (293ms)
				ProcessInitializeOnLoadMethodAttributes (7ms)
				AfterProcessingInitializeOnLoad (5ms)
				EditorAssembliesLoaded (0ms)
			ExecutionOrderSort2 (0ms)
			AwakeInstancesAfterBackupRestoration (11ms)
Platform modules already initialized, skipping
Refreshing native plugins compatible for Editor in 0.60 ms, found 3 plugins.
Preloading 0 native plugins for Editor in 0.00 ms.
Unloading 2421 Unused Serialized files (Serialized files now loaded: 0)
System memory in use before: 184.1 MB.
System memory in use after: 184.3 MB.

Unloading 21 unused Assets to reduce memory usage. Loaded Objects now: 2927.
Total: 2.842600 ms (FindLiveObjects: 0.287600 ms CreateObjectMapping: 0.112900 ms MarkObjects: 2.426600 ms  DeleteObjects: 0.014800 ms)

AssetImportParameters requested are different than current active one (requested -> active):
  custom:framework-win-MediaFoundation: 216162199b28c13a410421893ffa2e32 -> 
  custom:video-decoder-ogg-theora: a1e56fd34408186e4bbccfd4996cb3dc -> 
  custom:container-muxer-webm: aa71ff27fc2769a1b78a27578f13a17b -> 
  custom:container-demuxer-webm: 4f35f7cbe854078d1ac9338744f61a02 -> 
  custom:container-demuxer-ogg: 62fdf1f143b41e24485cea50d1cbac27 -> 
  custom:video-encoder-webm-vp8: eb34c28f22e8b96e1ab97ce403110664 -> 
  custom:video-decoder-webm-vp8: 9c59270c3fd7afecdb556c50c9e8de78 -> 
  custom:audio-decoder-ogg-vorbis: bf7c407c2cedff20999df2af8eb42d56 -> 
  custom:audio-encoder-webm-vorbis: bf7c407c2cedff20999df2af8eb42d56 -> 
========================================================================
Received Import Request.
  Time since last request: 670.711368 seconds.
  path: Assets/Scenes/Game.unity
  artifactKey: Guid(dc66ea887e1ddd04ba1626e7b29663e3) Importer(815301076,1909f56bfc062723c751e8b465ee728b)
Start importing Assets/Scenes/Game.unity using Guid(dc66ea887e1ddd04ba1626e7b29663e3) Importer(815301076,1909f56bfc062723c751e8b465ee728b)  -> (artifact id: 'dcc668071144354a824d4b20e48104e6') in 0.026330 seconds 
  Import took 0.031130 seconds .

========================================================================
Received Import Request.
  Time since last request: 219.396900 seconds.
  path: Assets/Scenes/CharacterSelection.unity
  artifactKey: Guid(85e0c67b53e41694ab0136a9f0e54b22) Importer(815301076,1909f56bfc062723c751e8b465ee728b)
Start importing Assets/Scenes/CharacterSelection.unity using Guid(85e0c67b53e41694ab0136a9f0e54b22) Importer(815301076,1909f56bfc062723c751e8b465ee728b)  -> (artifact id: 'b239ce9d3d4528e16dd9a345134d1a04') in 0.006482 seconds 
  Import took 0.010587 seconds .

========================================================================
Received Import Request.
  Time since last request: 0.000558 seconds.
  path: Assets/Scenes/CharacterSelection.unity
  artifactKey: Guid(85e0c67b53e41694ab0136a9f0e54b22) Importer(815301076,1909f56bfc062723c751e8b465ee728b)
Start importing Assets/Scenes/CharacterSelection.unity using Guid(85e0c67b53e41694ab0136a9f0e54b22) Importer(815301076,1909f56bfc062723c751e8b465ee728b)  -> (artifact id: 'b239ce9d3d4528e16dd9a345134d1a04') in 0.002092 seconds 
  Import took 0.005779 seconds .

========================================================================
Received Import Request.
  Time since last request: 384.614485 seconds.
  path: Assets/UI/Btns/StoneBtns_8.asset
  artifactKey: Guid(059d4226e58c27a4ea41b87dd6e2cd1c) Importer(815301076,1909f56bfc062723c751e8b465ee728b)
Start importing Assets/UI/Btns/StoneBtns_8.asset using Guid(059d4226e58c27a4ea41b87dd6e2cd1c) Importer(815301076,1909f56bfc062723c751e8b465ee728b)  -> (artifact id: '0e564e1d93404f136d391feaa9b1aecf') in 0.046577 seconds 
  Import took 0.053429 seconds .

========================================================================
Received Import Request.
  Time since last request: 0.001659 seconds.
  path: Assets/UI/Btns/StoneBtns_8.asset
  artifactKey: Guid(059d4226e58c27a4ea41b87dd6e2cd1c) Importer(815301076,1909f56bfc062723c751e8b465ee728b)
Start importing Assets/UI/Btns/StoneBtns_8.asset using Guid(059d4226e58c27a4ea41b87dd6e2cd1c) Importer(815301076,1909f56bfc062723c751e8b465ee728b)  -> (artifact id: '0e564e1d93404f136d391feaa9b1aecf') in 0.012141 seconds 
  Import took 0.017437 seconds .

========================================================================
Received Import Request.
  Time since last request: 430.304976 seconds.
  path: Assets/UI/Btns/StoneBtns.png
  artifactKey: Guid(aff5087231d1c5c409c8d07218bd30ad) Importer(815301076,1909f56bfc062723c751e8b465ee728b)
Start importing Assets/UI/Btns/StoneBtns.png using Guid(aff5087231d1c5c409c8d07218bd30ad) Importer(815301076,1909f56bfc062723c751e8b465ee728b)  -> (artifact id: 'a54cdf07465031b1ed4623d4ed91c45f') in 0.081231 seconds 
  Import took 0.086347 seconds .

========================================================================
Received Import Request.
  Time since last request: 49.667587 seconds.
  path: Assets/Scenes/Menu.unity
  artifactKey: Guid(5aab35b67c5c8d841bd4b164f6b017ce) Importer(815301076,1909f56bfc062723c751e8b465ee728b)
Start importing Assets/Scenes/Menu.unity using Guid(5aab35b67c5c8d841bd4b164f6b017ce) Importer(815301076,1909f56bfc062723c751e8b465ee728b)  -> (artifact id: '29a6ecee2be98c870610b6d9044962fc') in 0.007223 seconds 
  Import took 0.012453 seconds .

========================================================================
Received Import Request.
  Time since last request: 12.873668 seconds.
  path: Assets/Scenes/Game.unity
  artifactKey: Guid(dc66ea887e1ddd04ba1626e7b29663e3) Importer(815301076,1909f56bfc062723c751e8b465ee728b)
Start importing Assets/Scenes/Game.unity using Guid(dc66ea887e1ddd04ba1626e7b29663e3) Importer(815301076,1909f56bfc062723c751e8b465ee728b)  -> (artifact id: '9ec4d92ad7cecb55c843eade7f10dffb') in 0.004603 seconds 
  Import took 0.009818 seconds .

========================================================================
Received Import Request.
  Time since last request: 24.970789 seconds.
  path: Assets/Scenes/CharacterSelection.unity
  artifactKey: Guid(85e0c67b53e41694ab0136a9f0e54b22) Importer(815301076,1909f56bfc062723c751e8b465ee728b)
Start importing Assets/Scenes/CharacterSelection.unity using Guid(85e0c67b53e41694ab0136a9f0e54b22) Importer(815301076,1909f56bfc062723c751e8b465ee728b)  -> (artifact id: 'c0aff594548fb14bbd819a6cc00f029a') in 0.003152 seconds 
  Import took 0.008887 seconds .

========================================================================
Received Import Request.
  Time since last request: 45.466347 seconds.
  path: Assets/UI/Btns/StoneBtns.png
  artifactKey: Guid(aff5087231d1c5c409c8d07218bd30ad) Importer(815301076,1909f56bfc062723c751e8b465ee728b)
Start importing Assets/UI/Btns/StoneBtns.png using Guid(aff5087231d1c5c409c8d07218bd30ad) Importer(815301076,1909f56bfc062723c751e8b465ee728b)  -> (artifact id: 'a603d14ecc4600755740941dd1e9ebf2') in 0.074346 seconds 
  Import took 0.078153 seconds .

========================================================================
Received Import Request.
  Time since last request: 11.613321 seconds.
  path: Assets/UI/Btns/StoneBtns.png
  artifactKey: Guid(aff5087231d1c5c409c8d07218bd30ad) Importer(815301076,1909f56bfc062723c751e8b465ee728b)
Start importing Assets/UI/Btns/StoneBtns.png using Guid(aff5087231d1c5c409c8d07218bd30ad) Importer(815301076,1909f56bfc062723c751e8b465ee728b)  -> (artifact id: '80e50857a9b5ed31a6a5c8c3b464529a') in 0.078603 seconds 
  Import took 0.084309 seconds .

========================================================================
Received Import Request.
  Time since last request: 19.767964 seconds.
  path: Assets/UI/Btns/StoneBtns.png
  artifactKey: Guid(aff5087231d1c5c409c8d07218bd30ad) Importer(815301076,1909f56bfc062723c751e8b465ee728b)
Start importing Assets/UI/Btns/StoneBtns.png using Guid(aff5087231d1c5c409c8d07218bd30ad) Importer(815301076,1909f56bfc062723c751e8b465ee728b)  -> (artifact id: '74fb2eb55b08d417639e165e78724b1e') in 0.068081 seconds 
  Import took 0.071741 seconds .

AssetImportWorkerClient::OnTransportError - code=2 error=End of file
